Unity Editor version:    2021.3.8f1 (b30333d56e81)
Branch:                  2021.3/staging
Build type:              Release
Batch mode:              YES
System name:             Linux
Distro version:          #49-Ubuntu SMP Thu Aug 4 18:03:25 UTC 2022
Kernel version:          5.15.0-46-generic
Architecture:            x86_64
Available memory:        15879 MB
Using pre-set license
Pro License: YES

(Unity:31441): Gdk-CRITICAL **: 22:27:55.172: gdk_window_get_cursor: assertion 'GDK_IS_WINDOW (window)' failed
Desktop is 3286 x 1080 @ 60 Hz
Initialize udev device monitor.

COMMAND LINE ARGUMENTS:
Unity
-adb2
-batchMode
-noUpm
-name
AssetImportWorker0
-projectPath
/home/matheus/Fan freq
-logFile
Logs/AssetImportWorker0.log
-srvPort
44899
Successfully changed project path to: /home/matheus/Fan freq
/home/matheus/Fan freq
[UnityMemory] Configuration Parameters - Can be set up in boot.config
    "memorysetup-bucket-allocator-granularity=16"
    "memorysetup-bucket-allocator-bucket-count=8"
    "memorysetup-bucket-allocator-block-size=33554432"
    "memorysetup-bucket-allocator-block-count=8"
    "memorysetup-main-allocator-block-size=16777216"
    "memorysetup-thread-allocator-block-size=16777216"
    "memorysetup-gfx-main-allocator-block-size=16777216"
    "memorysetup-gfx-thread-allocator-block-size=16777216"
    "memorysetup-cache-allocator-block-size=4194304"
    "memorysetup-typetree-allocator-block-size=2097152"
    "memorysetup-profiler-bucket-allocator-granularity=16"
    "memorysetup-profiler-bucket-allocator-bucket-count=8"
    "memorysetup-profiler-bucket-allocator-block-size=33554432"
    "memorysetup-profiler-bucket-allocator-block-count=8"
    "memorysetup-profiler-allocator-block-size=16777216"
    "memorysetup-profiler-editor-allocator-block-size=1048576"
    "memorysetup-temp-allocator-size-main=16777216"
    "memorysetup-job-temp-allocator-block-size=2097152"
    "memorysetup-job-temp-allocator-block-size-background=1048576"
    "memorysetup-job-temp-allocator-reduction-small-platforms=262144"
    "memorysetup-temp-allocator-size-background-worker=32768"
    "memorysetup-temp-allocator-size-job-worker=262144"
    "memorysetup-temp-allocator-size-preload-manager=33554432"
    "memorysetup-temp-allocator-size-nav-mesh-worker=65536"
    "memorysetup-temp-allocator-size-audio-worker=65536"
    "memorysetup-temp-allocator-size-cloud-worker=32768"
    "memorysetup-temp-allocator-size-gi-baking-worker=262144"
    "memorysetup-temp-allocator-size-gfx=262144"
Unable to load player prefs
Refreshing native plugins compatible for Editor in 221,78 ms, found 0 plugins.
Preloading 0 native plugins for Editor in 0,00 ms.
Initialize engine version: 2021.3.8f1 (b30333d56e81)
[Subsystems] Discovering subsystems at path /home/matheus/Unity/Hub/Editor/2021.3.8f1/Editor/Data/Resources/UnitySubsystems
[Subsystems] Discovering subsystems at path /home/matheus/Fan freq/Assets
GLX Extensions: GLX_ARB_create_context GLX_ARB_create_context_no_error GLX_ARB_create_context_profile GLX_ARB_create_context_robustness GLX_ARB_fbconfig_float GLX_ARB_framebuffer_sRGB GLX_ARB_get_proc_address GLX_ARB_multisample GLX_EXT_buffer_age GLX_EXT_create_context_es2_profile GLX_EXT_create_context_es_profile GLX_EXT_fbconfig_packed_float GLX_EXT_framebuffer_sRGB GLX_EXT_no_config_context GLX_EXT_swap_control GLX_EXT_swap_control_tear GLX_EXT_texture_from_pixmap GLX_EXT_visual_info GLX_EXT_visual_rating GLX_MESA_copy_sub_buffer GLX_MESA_query_renderer GLX_MESA_swap_control GLX_OML_swap_method GLX_OML_sync_control GLX_SGIS_multisample GLX_SGIX_fbconfig GLX_SGIX_pbuffer GLX_SGIX_visual_select_group GLX_SGI_make_current_read GLX_SGI_video_sync 
Renderer: Mesa Intel(R) HD Graphics 620 (KBL GT2)
Vendor:   Intel
Version:  4.6 (Core Profile) Mesa 22.0.5
GLES:     0
 GL_3DFX_texture_compression_FXT1 GL_AMD_conservative_depth GL_AMD_depth_clamp_separate GL_AMD_draw_buffers_blend GL_AMD_gpu_shader_int64 GL_AMD_multi_draw_indirect GL_AMD_performance_monitor GL_AMD_pinned_memory GL_AMD_query_buffer_object GL_AMD_seamless_cubemap_per_texture GL_AMD_shader_stencil_export GL_AMD_shader_trinary_minmax GL_AMD_texture_texture4 GL_AMD_vertex_shader_layer GL_AMD_vertex_shader_viewport_index GL_ANGLE_texture_compression_dxt3 GL_ANGLE_texture_compression_dxt5 GL_ARB_ES2_compatibility GL_ARB_ES3_1_compatibility GL_ARB_ES3_2_compatibility GL_ARB_ES3_compatibility GL_ARB_arrays_of_arrays GL_ARB_base_instance GL_ARB_blend_func_extended GL_ARB_buffer_storage GL_ARB_clear_buffer_object GL_ARB_clear_texture GL_ARB_clip_control GL_ARB_compressed_texture_pixel_storage GL_ARB_compute_shader GL_ARB_compute_variable_group_size GL_ARB_conditional_render_inverted GL_ARB_conservative_depth GL_ARB_copy_buffer GL_ARB_copy_image GL_ARB_cull_distance GL_ARB_debug_output GL_ARB_depth_buffer_float GL_ARB
_depth_clamp GL_ARB_derivative_control GL_ARB_direct_state_access GL_ARB_draw_buffers GL_ARB_draw_buffers_blend GL_ARB_draw_elements_base_vertex GL_ARB_draw_indirect GL_ARB_draw_instanced GL_ARB_enhanced_layouts GL_ARB_explicit_attrib_location GL_ARB_explicit_uniform_location GL_ARB_fragment_coord_conventions GL_ARB_fragment_layer_viewport GL_ARB_fragment_shader GL_ARB_fragment_shader_interlock GL_ARB_framebuffer_no_attachments GL_ARB_framebuffer_object GL_ARB_framebuffer_sRGB GL_ARB_get_program_binary GL_ARB_get_texture_sub_image GL_ARB_gl_spirv GL_ARB_gpu_shader5 GL_ARB_gpu_shader_fp64 GL_ARB_gpu_shader_int64 GL_ARB_half_float_pixel GL_ARB_half_float_vertex GL_ARB_indirect_parameters GL_ARB_instanced_arrays GL_ARB_internalformat_query GL_ARB_internalformat_query2 GL_ARB_invalidate_subdata GL_ARB_map_buffer_alignment GL_ARB_map_buffer_range GL_ARB_multi_bind GL_ARB_multi_draw_indirect GL_ARB_occlusion_query2 GL_ARB_parallel_shader_compile GL_ARB_pipeline_statistics_query GL_ARB_pixel_buffer_object GL_ARB_po
int_sprite GL_ARB_polygon_offset_clamp GL_ARB_post_depth_coverage GL_ARB_program_interface_query GL_ARB_provoking_vertex GL_ARB_query_buffer_object GL_ARB_robust_buffer_access_behavior GL_ARB_robustness GL_ARB_sample_shading GL_ARB_sampler_objects GL_ARB_seamless_cube_map GL_ARB_seamless_cubemap_per_texture GL_ARB_separate_shader_objects GL_ARB_shader_atomic_counter_ops GL_ARB_shader_atomic_counters GL_ARB_shader_ballot GL_ARB_shader_bit_encoding GL_ARB_shader_clock GL_ARB_shader_draw_parameters GL_ARB_shader_group_vote GL_ARB_shader_image_load_store GL_ARB_shader_image_size GL_ARB_shader_objects GL_ARB_shader_precision GL_ARB_shader_stencil_export GL_ARB_shader_storage_buffer_object GL_ARB_shader_subroutine GL_ARB_shader_texture_image_samples GL_ARB_shader_texture_lod GL_ARB_shader_viewport_layer_array GL_ARB_shading_language_420pack GL_ARB_shading_language_include GL_ARB_shading_language_packing GL_ARB_spirv_extensions GL_ARB_stencil_texturing GL_ARB_sync GL_ARB_tessellation_shader GL_ARB_texture_barrier G
L_ARB_texture_buffer_object GL_ARB_texture_buffer_object_rgb32 GL_ARB_texture_buffer_range GL_ARB_texture_compression_bptc GL_ARB_texture_compression_rgtc GL_ARB_texture_cube_map_array GL_ARB_texture_filter_anisotropic GL_ARB_texture_float GL_ARB_texture_gather GL_ARB_texture_mirror_clamp_to_edge GL_ARB_texture_multisample GL_ARB_texture_non_power_of_two GL_ARB_texture_query_levels GL_ARB_texture_query_lod GL_ARB_texture_rectangle GL_ARB_texture_rg GL_ARB_texture_rgb10_a2ui GL_ARB_texture_stencil8 GL_ARB_texture_storage GL_ARB_texture_storage_multisample GL_ARB_texture_swizzle GL_ARB_texture_view GL_ARB_timer_query GL_ARB_transform_feedback2 GL_ARB_transform_feedback3 GL_ARB_transform_feedback_instanced GL_ARB_transform_feedback_overflow_query GL_ARB_uniform_buffer_object GL_ARB_vertex_array_bgra GL_ARB_vertex_array_object GL_ARB_vertex_attrib_64bit GL_ARB_vertex_attrib_binding GL_ARB_vertex_buffer_object GL_ARB_vertex_shader GL_ARB_vertex_type_10f_11f_11f_rev GL_ARB_vertex_type_2_10_10_10_rev GL_ARB_viewpor
t_array GL_ATI_blend_equation_separate GL_ATI_texture_float GL_EXT_EGL_image_storage GL_EXT_EGL_sync GL_EXT_abgr GL_EXT_blend_equation_separate GL_EXT_demote_to_helper_invocation GL_EXT_draw_buffers2 GL_EXT_draw_instanced GL_EXT_framebuffer_blit GL_EXT_framebuffer_multisample GL_EXT_framebuffer_multisample_blit_scaled GL_EXT_framebuffer_object GL_EXT_framebuffer_sRGB GL_EXT_memory_object GL_EXT_memory_object_fd GL_EXT_packed_depth_stencil GL_EXT_packed_float GL_EXT_pixel_buffer_object GL_EXT_polygon_offset_clamp GL_EXT_provoking_vertex GL_EXT_semaphore GL_EXT_semaphore_fd GL_EXT_shader_framebuffer_fetch GL_EXT_shader_framebuffer_fetch_non_coherent GL_EXT_shader_integer_mix GL_EXT_shader_samples_identical GL_EXT_texture_array GL_EXT_texture_compression_dxt1 GL_EXT_texture_compression_rgtc GL_EXT_texture_compression_s3tc GL_EXT_texture_filter_anisotropic GL_EXT_texture_integer GL_EXT_texture_sRGB GL_EXT_texture_sRGB_R8 GL_EXT_texture_sRGB_decode GL_EXT_texture_shadow_lod GL_EXT_texture_shared_exponent GL_EXT_t
exture_snorm GL_EXT_texture_swizzle GL_EXT_timer_query GL_EXT_transform_feedback GL_EXT_vertex_array_bgra GL_EXT_vertex_attrib_64bit GL_IBM_multimode_draw_arrays GL_INTEL_blackhole_render GL_INTEL_conservative_rasterization GL_INTEL_performance_query GL_INTEL_shader_atomic_float_minmax GL_INTEL_shader_integer_functions2 GL_KHR_blend_equation_advanced GL_KHR_blend_equation_advanced_coherent GL_KHR_context_flush_control GL_KHR_debug GL_KHR_no_error GL_KHR_parallel_shader_compile GL_KHR_robust_buffer_access_behavior GL_KHR_robustness GL_KHR_texture_compression_astc_ldr GL_KHR_texture_compression_astc_sliced_3d GL_MESA_framebuffer_flip_y GL_MESA_pack_invert GL_MESA_shader_integer_functions GL_MESA_texture_signed_rgba GL_NV_compute_shader_derivatives GL_NV_conditional_render GL_NV_copy_image GL_NV_depth_clamp GL_NV_fragment_shader_interlock GL_NV_packed_depth_stencil GL_NV_texture_barrier GL_OES_EGL_image GL_S3_s3tc
OPENGL LOG: Creating OpenGL 4.6 graphics device ; Context level  <OpenGL 4.5> ; Context handle 27340608
Initialize mono
Mono path[0] = '/home/matheus/Unity/Hub/Editor/2021.3.8f1/Editor/Data/Managed'
Mono path[1] = '/home/matheus/Unity/Hub/Editor/2021.3.8f1/Editor/Data/MonoBleedingEdge/lib/mono/unityjit-linux'
Mono config path = '/home/matheus/Unity/Hub/Editor/2021.3.8f1/Editor/Data/MonoBleedingEdge/etc'
Using monoOptions --debugger-agent=transport=dt_socket,embedding=1,server=y,suspend=n,address=127.0.0.1:56441
Begin MonoManager ReloadAssembly
Registering precompiled unity dll's ...
Register platform support module: /home/matheus/Unity/Hub/Editor/2021.3.8f1/Editor/Data/PlaybackEngines/WebGLSupport/UnityEditor.WebGL.Extensions.dll
Register platform support module: /home/matheus/Unity/Hub/Editor/2021.3.8f1/Editor/Data/PlaybackEngines/LinuxStandaloneSupport/UnityEditor.LinuxStandalone.Extensions.dll
Registered in 0,016462 seconds.
Native extension for LinuxStandalone target not found
Native extension for WebGL target not found
Refreshing native plugins compatible for Editor in 243,91 ms, found 0 plugins.
Preloading 0 native plugins for Editor in 0,00 ms.
Mono: successfully reloaded assembly
- Completed reload, in  1,416 seconds
Domain Reload Profiling:
	ReloadAssembly (1417ms)
		BeginReloadAssembly (106ms)
			ExecutionOrderSort (0ms)
			DisableScriptedObjects (0ms)
			BackupInstance (0ms)
			ReleaseScriptingObjects (0ms)
			CreateAndSetChildDomain (1ms)
		EndReloadAssembly (1047ms)
			LoadAssemblies (102ms)
			RebuildTransferFunctionScriptingTraits (0ms)
			SetupTypeCache (245ms)
			ReleaseScriptCaches (0ms)
			RebuildScriptCaches (71ms)
			SetupLoadedEditorAssemblies (631ms)
				LogAssemblyErrors (0ms)
				InitializePlatformSupportModulesInManaged (17ms)
				SetLoadedEditorAssemblies (0ms)
				RefreshPlugins (244ms)
				BeforeProcessingInitializeOnLoad (2ms)
				ProcessInitializeOnLoadAttributes (278ms)
				ProcessInitializeOnLoadMethodAttributes (89ms)
				AfterProcessingInitializeOnLoad (0ms)
				EditorAssembliesLoaded (0ms)
			ExecutionOrderSort2 (0ms)
			AwakeInstancesAfterBackupRestoration (0ms)
Platform modules already initialized, skipping
Registering precompiled user dll's ...
Registered in 0,008803 seconds.
Begin MonoManager ReloadAssembly
Symbol file LoadedFromMemory doesn't match image /home/matheus/Fan freq/Library/PackageCache/com.unity.visualscripting@1.7.8/Editor/VisualScripting.Core/Dependencies/YamlDotNet/Unity.VisualScripting.YamlDotNet.dll
Symbol file LoadedFromMemory doesn't match image /home/matheus/Fan freq/Library/PackageCache/com.unity.visualscripting@1.7.8/Editor/VisualScripting.Core/Dependencies/DotNetZip/Unity.VisualScripting.IonicZip.dll
Native extension for LinuxStandalone target not found
Native extension for WebGL target not found
Refreshing native plugins compatible for Editor in 0,94 ms, found 0 plugins.
Preloading 0 native plugins for Editor in 0,00 ms.
Mono: successfully reloaded assembly
- Completed reload, in  2,249 seconds
Domain Reload Profiling:
	ReloadAssembly (2251ms)
		BeginReloadAssembly (191ms)
			ExecutionOrderSort (0ms)
			DisableScriptedObjects (13ms)
			BackupInstance (0ms)
			ReleaseScriptingObjects (0ms)
			CreateAndSetChildDomain (39ms)
		EndReloadAssembly (1784ms)
			LoadAssemblies (115ms)
			RebuildTransferFunctionScriptingTraits (0ms)
			SetupTypeCache (621ms)
			ReleaseScriptCaches (1ms)
			RebuildScriptCaches (133ms)
			SetupLoadedEditorAssemblies (802ms)
				LogAssemblyErrors (0ms)
				InitializePlatformSupportModulesInManaged (17ms)
				SetLoadedEditorAssemblies (1ms)
				RefreshPlugins (1ms)
				BeforeProcessingInitializeOnLoad (220ms)
				ProcessInitializeOnLoadAttributes (488ms)
				ProcessInitializeOnLoadMethodAttributes (60ms)
				AfterProcessingInitializeOnLoad (14ms)
				EditorAssembliesLoaded (0ms)
			ExecutionOrderSort2 (0ms)
			AwakeInstancesAfterBackupRestoration (9ms)
Platform modules already initialized, skipping
========================================================================
Worker process is ready to serve import requests
Launched and connected shader compiler UnityShaderCompiler after 0.02 seconds
Refreshing native plugins compatible for Editor in 0,95 ms, found 0 plugins.
Preloading 0 native plugins for Editor in 0,00 ms.
Unloading 3377 Unused Serialized files (Serialized files now loaded: 0)
Unloading 27 unused Assets / (72,8 KB). Loaded Objects now: 3834.
Memory consumption went from 111,6 MB to 111,5 MB.
Total: 7,683823 ms (FindLiveObjects: 0,476697 ms CreateObjectMapping: 0,516544 ms MarkObjects: 6,393563 ms  DeleteObjects: 0,294892 ms)

AssetImportParameters requested are different than current active one (requested -> active):
  custom:video-decoder-ogg-theora: a1e56fd34408186e4bbccfd4996cb3dc -> 
  custom:container-muxer-webm: aa71ff27fc2769a1b78a27578f13a17b -> 
  custom:container-demuxer-webm: 4f35f7cbe854078d1ac9338744f61a02 -> 
  custom:video-encoder-webm-vp8: eb34c28f22e8b96e1ab97ce403110664 -> 
  custom:audio-encoder-webm-vorbis: bf7c407c2cedff20999df2af8eb42d56 -> 
  custom:container-demuxer-ogg: 62fdf1f143b41e24485cea50d1cbac27 -> 
  custom:video-decoder-webm-vp8: 9c59270c3fd7afecdb556c50c9e8de78 -> 
  custom:audio-decoder-ogg-vorbis: bf7c407c2cedff20999df2af8eb42d56 -> 
========================================================================
Received Import Request.
  Time since last request: 12122,920656 seconds.
  path: Assets/Scenes
  artifactKey: Guid(6ea315d0fd7389c41b19996891e99ae3) Importer(815301076,1909f56bfc062723c751e8b465ee728b)
Start importing Assets/Scenes using Guid(6ea315d0fd7389c41b19996891e99ae3) Importer(815301076,1909f56bfc062723c751e8b465ee728b)  -> (artifact id: 'b8193726cff86800c54781cdc6d54904') in 0,008839 seconds 
========================================================================
Received Import Request.
  Time since last request: 0,000027 seconds.
  path: Assets/Scenes/SampleScene.unity
  artifactKey: Guid(9fc0d4010bbf28b4594072e72b8655ab) Importer(815301076,1909f56bfc062723c751e8b465ee728b)
Start importing Assets/Scenes/SampleScene.unity using Guid(9fc0d4010bbf28b4594072e72b8655ab) Importer(815301076,1909f56bfc062723c751e8b465ee728b)  -> (artifact id: 'e55ccaa32d8e5c1de03c07a5412c8c3c') in 0,001059 seconds 
========================================================================
Received Import Request.
  Time since last request: 20,128272 seconds.
  path: Assets/AssetsStore/Fan 2/Demo/demo.unity
  artifactKey: Guid(578354ace9214af49aa64505bf772991) Importer(815301076,1909f56bfc062723c751e8b465ee728b)
Start importing Assets/AssetsStore/Fan 2/Demo/demo.unity using Guid(578354ace9214af49aa64505bf772991) Importer(815301076,1909f56bfc062723c751e8b465ee728b)  -> (artifact id: '91e233491de3e1e7d5a017c96db89cbe') in 0,000981 seconds 
========================================================================
Received Prepare
Registering precompiled user dll's ...
Registered in 0,024615 seconds.
Begin MonoManager ReloadAssembly
Symbol file LoadedFromMemory doesn't match image /home/matheus/Fan freq/Library/PackageCache/com.unity.visualscripting@1.7.8/Editor/VisualScripting.Core/Dependencies/YamlDotNet/Unity.VisualScripting.YamlDotNet.dll
Symbol file LoadedFromMemory doesn't match image /home/matheus/Fan freq/Library/PackageCache/com.unity.visualscripting@1.7.8/Editor/VisualScripting.Core/Dependencies/DotNetZip/Unity.VisualScripting.IonicZip.dll
Native extension for LinuxStandalone target not found
Native extension for WebGL target not found
Refreshing native plugins compatible for Editor in 1,58 ms, found 0 plugins.
Preloading 0 native plugins for Editor in 0,00 ms.
Mono: successfully reloaded assembly
- Completed reload, in  2,283 seconds
Domain Reload Profiling:
	ReloadAssembly (2284ms)
		BeginReloadAssembly (237ms)
			ExecutionOrderSort (0ms)
			DisableScriptedObjects (9ms)
			BackupInstance (0ms)
			ReleaseScriptingObjects (0ms)
			CreateAndSetChildDomain (85ms)
		EndReloadAssembly (1824ms)
			LoadAssemblies (115ms)
			RebuildTransferFunctionScriptingTraits (0ms)
			SetupTypeCache (691ms)
			ReleaseScriptCaches (2ms)
			RebuildScriptCaches (119ms)
			SetupLoadedEditorAssemblies (769ms)
				LogAssemblyErrors (0ms)
				InitializePlatformSupportModulesInManaged (28ms)
				SetLoadedEditorAssemblies (1ms)
				RefreshPlugins (2ms)
				BeforeProcessingInitializeOnLoad (160ms)
				ProcessInitializeOnLoadAttributes (496ms)
				ProcessInitializeOnLoadMethodAttributes (67ms)
				AfterProcessingInitializeOnLoad (15ms)
				EditorAssembliesLoaded (0ms)
			ExecutionOrderSort2 (0ms)
			AwakeInstancesAfterBackupRestoration (9ms)
Platform modules already initialized, skipping
Refreshing native plugins compatible for Editor in 3,13 ms, found 0 plugins.
Preloading 0 native plugins for Editor in 0,00 ms.
Unloading 3372 Unused Serialized files (Serialized files now loaded: 0)
Unloading 20 unused Assets / (56,5 KB). Loaded Objects now: 3837.
Memory consumption went from 111,5 MB to 111,5 MB.
Total: 6,910952 ms (FindLiveObjects: 0,365580 ms CreateObjectMapping: 0,364240 ms MarkObjects: 5,996022 ms  DeleteObjects: 0,183249 ms)

AssetImportParameters requested are different than current active one (requested -> active):
  custom:video-decoder-ogg-theora: a1e56fd34408186e4bbccfd4996cb3dc -> 
  custom:container-muxer-webm: aa71ff27fc2769a1b78a27578f13a17b -> 
  custom:container-demuxer-webm: 4f35f7cbe854078d1ac9338744f61a02 -> 
  custom:video-encoder-webm-vp8: eb34c28f22e8b96e1ab97ce403110664 -> 
  custom:audio-encoder-webm-vorbis: bf7c407c2cedff20999df2af8eb42d56 -> 
  custom:container-demuxer-ogg: 62fdf1f143b41e24485cea50d1cbac27 -> 
  custom:video-decoder-webm-vp8: 9c59270c3fd7afecdb556c50c9e8de78 -> 
  custom:audio-decoder-ogg-vorbis: bf7c407c2cedff20999df2af8eb42d56 -> 
========================================================================
Received Prepare
Registering precompiled user dll's ...
Registered in 0,008551 seconds.
Begin MonoManager ReloadAssembly
Symbol file LoadedFromMemory doesn't match image /home/matheus/Fan freq/Library/PackageCache/com.unity.visualscripting@1.7.8/Editor/VisualScripting.Core/Dependencies/YamlDotNet/Unity.VisualScripting.YamlDotNet.dll
Symbol file LoadedFromMemory doesn't match image /home/matheus/Fan freq/Library/PackageCache/com.unity.visualscripting@1.7.8/Editor/VisualScripting.Core/Dependencies/DotNetZip/Unity.VisualScripting.IonicZip.dll
Native extension for LinuxStandalone target not found
Native extension for WebGL target not found
Refreshing native plugins compatible for Editor in 1,10 ms, found 0 plugins.
Preloading 0 native plugins for Editor in 0,00 ms.
Mono: successfully reloaded assembly
- Completed reload, in  2,156 seconds
Domain Reload Profiling:
	ReloadAssembly (2158ms)
		BeginReloadAssembly (201ms)
			ExecutionOrderSort (0ms)
			DisableScriptedObjects (11ms)
			BackupInstance (0ms)
			ReleaseScriptingObjects (0ms)
			CreateAndSetChildDomain (63ms)
		EndReloadAssembly (1715ms)
			LoadAssemblies (97ms)
			RebuildTransferFunctionScriptingTraits (1ms)
			SetupTypeCache (619ms)
			ReleaseScriptCaches (2ms)
			RebuildScriptCaches (117ms)
			SetupLoadedEditorAssemblies (742ms)
				LogAssemblyErrors (0ms)
				InitializePlatformSupportModulesInManaged (26ms)
				SetLoadedEditorAssemblies (1ms)
				RefreshPlugins (1ms)
				BeforeProcessingInitializeOnLoad (158ms)
				ProcessInitializeOnLoadAttributes (476ms)
				ProcessInitializeOnLoadMethodAttributes (63ms)
				AfterProcessingInitializeOnLoad (15ms)
				EditorAssembliesLoaded (0ms)
			ExecutionOrderSort2 (0ms)
			AwakeInstancesAfterBackupRestoration (10ms)
Platform modules already initialized, skipping
Refreshing native plugins compatible for Editor in 3,10 ms, found 0 plugins.
Preloading 0 native plugins for Editor in 0,00 ms.
Unloading 3372 Unused Serialized files (Serialized files now loaded: 0)
Unloading 20 unused Assets / (56,6 KB). Loaded Objects now: 3840.
Memory consumption went from 111,5 MB to 111,5 MB.
Total: 6,550588 ms (FindLiveObjects: 0,373693 ms CreateObjectMapping: 0,412761 ms MarkObjects: 5,478520 ms  DeleteObjects: 0,283693 ms)

AssetImportParameters requested are different than current active one (requested -> active):
  custom:video-decoder-ogg-theora: a1e56fd34408186e4bbccfd4996cb3dc -> 
  custom:container-muxer-webm: aa71ff27fc2769a1b78a27578f13a17b -> 
  custom:container-demuxer-webm: 4f35f7cbe854078d1ac9338744f61a02 -> 
  custom:video-encoder-webm-vp8: eb34c28f22e8b96e1ab97ce403110664 -> 
  custom:audio-encoder-webm-vorbis: bf7c407c2cedff20999df2af8eb42d56 -> 
  custom:container-demuxer-ogg: 62fdf1f143b41e24485cea50d1cbac27 -> 
  custom:video-decoder-webm-vp8: 9c59270c3fd7afecdb556c50c9e8de78 -> 
  custom:audio-decoder-ogg-vorbis: bf7c407c2cedff20999df2af8eb42d56 -> 
========================================================================
Received Import Request.
  Time since last request: 246,950131 seconds.
  path: Assets/AssetsStore/Fan/Demo/demo.unity
  artifactKey: Guid(c4e6bd9e70c2a8a47b4779cfe29ee7e9) Importer(815301076,1909f56bfc062723c751e8b465ee728b)
Start importing Assets/AssetsStore/Fan/Demo/demo.unity using Guid(c4e6bd9e70c2a8a47b4779cfe29ee7e9) Importer(815301076,1909f56bfc062723c751e8b465ee728b)  -> (artifact id: 'f0c03dfe0833b97327134141286bc86b') in 0,007117 seconds 
========================================================================
Received Prepare
Registering precompiled user dll's ...
Registered in 0,007795 seconds.
Begin MonoManager ReloadAssembly
Symbol file LoadedFromMemory doesn't match image /home/matheus/Fan freq/Library/PackageCache/com.unity.visualscripting@1.7.8/Editor/VisualScripting.Core/Dependencies/YamlDotNet/Unity.VisualScripting.YamlDotNet.dll
Symbol file LoadedFromMemory doesn't match image /home/matheus/Fan freq/Library/PackageCache/com.unity.visualscripting@1.7.8/Editor/VisualScripting.Core/Dependencies/DotNetZip/Unity.VisualScripting.IonicZip.dll
Native extension for LinuxStandalone target not found
Native extension for WebGL target not found
Refreshing native plugins compatible for Editor in 1,11 ms, found 0 plugins.
Preloading 0 native plugins for Editor in 0,00 ms.
Mono: successfully reloaded assembly
- Completed reload, in  2,093 seconds
Domain Reload Profiling:
	ReloadAssembly (2094ms)
		BeginReloadAssembly (210ms)
			ExecutionOrderSort (0ms)
			DisableScriptedObjects (12ms)
			BackupInstance (0ms)
			ReleaseScriptingObjects (0ms)
			CreateAndSetChildDomain (64ms)
		EndReloadAssembly (1653ms)
			LoadAssemblies (99ms)
			RebuildTransferFunctionScriptingTraits (0ms)
			SetupTypeCache (602ms)
			ReleaseScriptCaches (2ms)
			RebuildScriptCaches (108ms)
			SetupLoadedEditorAssemblies (713ms)
				LogAssemblyErrors (0ms)
				InitializePlatformSupportModulesInManaged (25ms)
				SetLoadedEditorAssemblies (1ms)
				RefreshPlugins (1ms)
				BeforeProcessingInitializeOnLoad (150ms)
				ProcessInitializeOnLoadAttributes (462ms)
				ProcessInitializeOnLoadMethodAttributes (59ms)
				AfterProcessingInitializeOnLoad (15ms)
				EditorAssembliesLoaded (0ms)
			ExecutionOrderSort2 (0ms)
			AwakeInstancesAfterBackupRestoration (9ms)
Platform modules already initialized, skipping
Refreshing native plugins compatible for Editor in 4,05 ms, found 0 plugins.
Preloading 0 native plugins for Editor in 0,00 ms.
Unloading 3372 Unused Serialized files (Serialized files now loaded: 0)
Unloading 20 unused Assets / (56,6 KB). Loaded Objects now: 3843.
Memory consumption went from 111,5 MB to 111,5 MB.
Total: 8,113801 ms (FindLiveObjects: 0,345432 ms CreateObjectMapping: 0,369886 ms MarkObjects: 7,123563 ms  DeleteObjects: 0,272993 ms)

AssetImportParameters requested are different than current active one (requested -> active):
  custom:video-decoder-ogg-theora: a1e56fd34408186e4bbccfd4996cb3dc -> 
  custom:container-muxer-webm: aa71ff27fc2769a1b78a27578f13a17b -> 
  custom:container-demuxer-webm: 4f35f7cbe854078d1ac9338744f61a02 -> 
  custom:video-encoder-webm-vp8: eb34c28f22e8b96e1ab97ce403110664 -> 
  custom:audio-encoder-webm-vorbis: bf7c407c2cedff20999df2af8eb42d56 -> 
  custom:container-demuxer-ogg: 62fdf1f143b41e24485cea50d1cbac27 -> 
  custom:video-decoder-webm-vp8: 9c59270c3fd7afecdb556c50c9e8de78 -> 
  custom:audio-decoder-ogg-vorbis: bf7c407c2cedff20999df2af8eb42d56 -> 
========================================================================
Received Import Request.
  Time since last request: 59,856816 seconds.
  path: Assets/AssetsStore/Fan/Demo/demoSettings.lighting
  artifactKey: Guid(c9b61237b4589f473b131d531b42c45c) Importer(815301076,1909f56bfc062723c751e8b465ee728b)
Start importing Assets/AssetsStore/Fan/Demo/demoSettings.lighting using Guid(c9b61237b4589f473b131d531b42c45c) Importer(815301076,1909f56bfc062723c751e8b465ee728b) LightingSettings: switching bake backend from 1 to 0.
 -> (artifact id: 'eb12ee26a6c07561dc7438c0688ddef1') in 0,029002 seconds 
========================================================================
Received Import Request.
  Time since last request: 170,869104 seconds.
  path: Assets/AssetsStore/Fan/Assets/Meshes/Metro Fan.FBX
  artifactKey: Guid(c50fd133600bf584cb8da23174c38dab) Importer(815301076,1909f56bfc062723c751e8b465ee728b)
Start importing Assets/AssetsStore/Fan/Assets/Meshes/Metro Fan.FBX using Guid(c50fd133600bf584cb8da23174c38dab) Importer(815301076,1909f56bfc062723c751e8b465ee728b)  -> (artifact id: 'ced14a8a21846febdc990fb99c39df0e') in 1,897770 seconds 
========================================================================
Received Import Request.
  Time since last request: 0,240985 seconds.
  path: Assets/AssetsStore/Fan/Assets/Materials/fan.mat
  artifactKey: Guid(0243089128ff30c4a972cd76df0f6dd9) Importer(815301076,1909f56bfc062723c751e8b465ee728b)
Start importing Assets/AssetsStore/Fan/Assets/Materials/fan.mat using Guid(0243089128ff30c4a972cd76df0f6dd9) Importer(815301076,1909f56bfc062723c751e8b465ee728b)  -> (artifact id: 'b64d6e8bd5dd52ccb31472d28474850d') in 0,048463 seconds 
========================================================================
Received Import Request.
  Time since last request: 0,000023 seconds.
  path: Assets/AssetsStore/Fan/Assets/Materials/Fence.mat
  artifactKey: Guid(4216cb83cecaaa64da98a45f6d44be1c) Importer(815301076,1909f56bfc062723c751e8b465ee728b)
Start importing Assets/AssetsStore/Fan/Assets/Materials/Fence.mat using Guid(4216cb83cecaaa64da98a45f6d44be1c) Importer(815301076,1909f56bfc062723c751e8b465ee728b)  -> (artifact id: '9224aaa060b62e0efbdcdceb4ddbb74e') in 0,012473 seconds 
========================================================================
Received Import Request.
  Time since last request: 2,760625 seconds.
  path: Assets/AssetsStore/Fan/Assets/Prefabs/Metro Fan.prefab
  artifactKey: Guid(768003408b1c8644881fd8e548bc60f6) Importer(815301076,1909f56bfc062723c751e8b465ee728b)
Start importing Assets/AssetsStore/Fan/Assets/Prefabs/Metro Fan.prefab using Guid(768003408b1c8644881fd8e548bc60f6) Importer(815301076,1909f56bfc062723c751e8b465ee728b)  -> (artifact id: 'c5b4af3099066f760355fb7088e81aac') in 0,022334 seconds 
========================================================================
Received Import Request.
  Time since last request: 0,968449 seconds.
  path: Assets/AssetsStore/Fan/Assets/Textures/fan_AlbedoTransparency.tga
  artifactKey: Guid(564ed5c6ffc45bd44b2acd21cf6bc9e1) Importer(815301076,1909f56bfc062723c751e8b465ee728b)
Start importing Assets/AssetsStore/Fan/Assets/Textures/fan_AlbedoTransparency.tga using Guid(564ed5c6ffc45bd44b2acd21cf6bc9e1) Importer(815301076,1909f56bfc062723c751e8b465ee728b)  -> (artifact id: '19ca148016b9f4953a0b293566a7cf7c') in 0,034156 seconds 
========================================================================
Received Import Request.
  Time since last request: 0,000030 seconds.
  path: Assets/AssetsStore/Fan/Assets/Textures/fan_Normal.tga
  artifactKey: Guid(79db8d51525819e4e8e26bcfa3a97365) Importer(815301076,1909f56bfc062723c751e8b465ee728b)
Start importing Assets/AssetsStore/Fan/Assets/Textures/fan_Normal.tga using Guid(79db8d51525819e4e8e26bcfa3a97365) Importer(815301076,1909f56bfc062723c751e8b465ee728b)  -> (artifact id: '19d181d803e601eb57c052a52b7987d7') in 0,016724 seconds 
========================================================================
Received Import Request.
  Time since last request: 0,000033 seconds.
  path: Assets/AssetsStore/Fan/Assets/Textures/fence.TGA
  artifactKey: Guid(ade7671ead729aa4883a7d545aff433e) Importer(815301076,1909f56bfc062723c751e8b465ee728b)
Start importing Assets/AssetsStore/Fan/Assets/Textures/fence.TGA using Guid(ade7671ead729aa4883a7d545aff433e) Importer(815301076,1909f56bfc062723c751e8b465ee728b)  -> (artifact id: '6daa9227acbfeda31867e96c17aec2ab') in 0,015208 seconds 
========================================================================
Received Import Request.
  Time since last request: 0,000038 seconds.
  path: Assets/AssetsStore/Fan/Assets/Textures/fan_MetallicSmoothness.tga
  artifactKey: Guid(5020c03ae0eea4f47af8a1076b2b7487) Importer(815301076,1909f56bfc062723c751e8b465ee728b)
Start importing Assets/AssetsStore/Fan/Assets/Textures/fan_MetallicSmoothness.tga using Guid(5020c03ae0eea4f47af8a1076b2b7487) Importer(815301076,1909f56bfc062723c751e8b465ee728b)  -> (artifact id: '0584f31f451adf786163cdb5389041ed') in 0,025657 seconds 
========================================================================
Received Import Request.
  Time since last request: 1386,279011 seconds.
  path: Assets/Scenes/SampleScene.unity
  artifactKey: Guid(9fc0d4010bbf28b4594072e72b8655ab) Importer(2089858483,0ecaa5967403d082aa24f35e1b516d23)
Start importing Assets/Scenes/SampleScene.unity using Guid(9fc0d4010bbf28b4594072e72b8655ab) Importer(2089858483,0ecaa5967403d082aa24f35e1b516d23)  -> (artifact id: 'b5982a5a9dd2456eb984d4808bfe35e1') in 0,131023 seconds 
========================================================================
Received Import Request.
  Time since last request: 0,000038 seconds.
  path: Assets/AssetsStore/Fan/Demo/demo.unity
  artifactKey: Guid(c4e6bd9e70c2a8a47b4779cfe29ee7e9) Importer(2089858483,0ecaa5967403d082aa24f35e1b516d23)
Start importing Assets/AssetsStore/Fan/Demo/demo.unity using Guid(c4e6bd9e70c2a8a47b4779cfe29ee7e9) Importer(2089858483,0ecaa5967403d082aa24f35e1b516d23)  -> (artifact id: '723e43458c0ca8d17a2905c5748f932f') in 0,003349 seconds 
========================================================================
Received Prepare
Refreshing native plugins compatible for Editor in 7,23 ms, found 0 plugins.
Preloading 0 native plugins for Editor in 0,00 ms.
Unloading 20 Unused Serialized files (Serialized files now loaded: 0)
Unloading 20 unused Assets / (56,5 KB). Loaded Objects now: 3890.
Memory consumption went from 47,1 MB to 47,1 MB.
Total: 7,388222 ms (FindLiveObjects: 0,380207 ms CreateObjectMapping: 0,388334 ms MarkObjects: 6,492167 ms  DeleteObjects: 0,124797 ms)

AssetImportParameters requested are different than current active one (requested -> active):
  custom:video-decoder-ogg-theora: a1e56fd34408186e4bbccfd4996cb3dc -> 
  custom:container-muxer-webm: aa71ff27fc2769a1b78a27578f13a17b -> 
  custom:container-demuxer-webm: 4f35f7cbe854078d1ac9338744f61a02 -> 
  custom:video-encoder-webm-vp8: eb34c28f22e8b96e1ab97ce403110664 -> 
  custom:audio-encoder-webm-vorbis: bf7c407c2cedff20999df2af8eb42d56 -> 
  custom:SearchIndexIgnoredProperties: e643bd26f0fe6173181afceb89e7c659 -> 
  custom:container-demuxer-ogg: 62fdf1f143b41e24485cea50d1cbac27 -> 
  custom:video-decoder-webm-vp8: 9c59270c3fd7afecdb556c50c9e8de78 -> 
  custom:audio-decoder-ogg-vorbis: bf7c407c2cedff20999df2af8eb42d56 -> 
========================================================================
Received Import Request.
  Time since last request: 150,901692 seconds.
  path: Assets/cube.mat
  artifactKey: Guid(c574c3e07263f7956a86fc9198ca280d) Importer(815301076,1909f56bfc062723c751e8b465ee728b)
Start importing Assets/cube.mat using Guid(c574c3e07263f7956a86fc9198ca280d) Importer(815301076,1909f56bfc062723c751e8b465ee728b)  -> (artifact id: '55589fd4e7c4eb68e06bf0337de4a1d8') in 0,015443 seconds 
========================================================================
Received Import Request.
  Time since last request: 0,928251 seconds.
  path: Assets/cube.mat
  artifactKey: Guid(c574c3e07263f7956a86fc9198ca280d) Importer(2089858483,0ecaa5967403d082aa24f35e1b516d23)
Start importing Assets/cube.mat using Guid(c574c3e07263f7956a86fc9198ca280d) Importer(2089858483,0ecaa5967403d082aa24f35e1b516d23)  -> (artifact id: '1407fd7f521a93b89b2dacd03d05b990') in 0,055755 seconds 
========================================================================
Received Prepare
Registering precompiled user dll's ...
Registered in 0,007483 seconds.
Begin MonoManager ReloadAssembly
Symbol file LoadedFromMemory doesn't match image /home/matheus/Fan freq/Library/PackageCache/com.unity.visualscripting@1.7.8/Editor/VisualScripting.Core/Dependencies/YamlDotNet/Unity.VisualScripting.YamlDotNet.dll
Symbol file LoadedFromMemory doesn't match image /home/matheus/Fan freq/Library/PackageCache/com.unity.visualscripting@1.7.8/Editor/VisualScripting.Core/Dependencies/DotNetZip/Unity.VisualScripting.IonicZip.dll
Native extension for LinuxStandalone target not found
Native extension for WebGL target not found
Refreshing native plugins compatible for Editor in 1,06 ms, found 0 plugins.
Preloading 0 native plugins for Editor in 0,00 ms.
Mono: successfully reloaded assembly
- Completed reload, in  2,215 seconds
Domain Reload Profiling:
	ReloadAssembly (2216ms)
		BeginReloadAssembly (210ms)
			ExecutionOrderSort (0ms)
			DisableScriptedObjects (10ms)
			BackupInstance (0ms)
			ReleaseScriptingObjects (0ms)
			CreateAndSetChildDomain (71ms)
		EndReloadAssembly (1755ms)
			LoadAssemblies (103ms)
			RebuildTransferFunctionScriptingTraits (0ms)
			SetupTypeCache (621ms)
			ReleaseScriptCaches (2ms)
			RebuildScriptCaches (134ms)
			SetupLoadedEditorAssemblies (757ms)
				LogAssemblyErrors (0ms)
				InitializePlatformSupportModulesInManaged (29ms)
				SetLoadedEditorAssemblies (1ms)
				RefreshPlugins (1ms)
				BeforeProcessingInitializeOnLoad (158ms)
				ProcessInitializeOnLoadAttributes (490ms)
				ProcessInitializeOnLoadMethodAttributes (63ms)
				AfterProcessingInitializeOnLoad (15ms)
				EditorAssembliesLoaded (0ms)
			ExecutionOrderSort2 (0ms)
			AwakeInstancesAfterBackupRestoration (9ms)
Platform modules already initialized, skipping
Refreshing native plugins compatible for Editor in 2,79 ms, found 0 plugins.
Preloading 0 native plugins for Editor in 0,00 ms.
Unloading 3372 Unused Serialized files (Serialized files now loaded: 0)
Unloading 20 unused Assets / (56,6 KB). Loaded Objects now: 3892.
Memory consumption went from 114,1 MB to 114,1 MB.
Total: 6,697083 ms (FindLiveObjects: 0,319359 ms CreateObjectMapping: 0,310436 ms MarkObjects: 5,774571 ms  DeleteObjects: 0,290768 ms)

AssetImportParameters requested are different than current active one (requested -> active):
  custom:video-decoder-ogg-theora: a1e56fd34408186e4bbccfd4996cb3dc -> 
  custom:container-muxer-webm: aa71ff27fc2769a1b78a27578f13a17b -> 
  custom:container-demuxer-webm: 4f35f7cbe854078d1ac9338744f61a02 -> 
  custom:video-encoder-webm-vp8: eb34c28f22e8b96e1ab97ce403110664 -> 
  custom:audio-encoder-webm-vorbis: bf7c407c2cedff20999df2af8eb42d56 -> 
  custom:SearchIndexIgnoredProperties: e643bd26f0fe6173181afceb89e7c659 -> 
  custom:container-demuxer-ogg: 62fdf1f143b41e24485cea50d1cbac27 -> 
  custom:video-decoder-webm-vp8: 9c59270c3fd7afecdb556c50c9e8de78 -> 
  custom:audio-decoder-ogg-vorbis: bf7c407c2cedff20999df2af8eb42d56 -> 
========================================================================
Received Import Request.
  Time since last request: 178,360181 seconds.
  path: Assets
  artifactKey: Guid(00000000000000001000000000000000) Importer(815301076,1909f56bfc062723c751e8b465ee728b)
Start importing Assets using Guid(00000000000000001000000000000000) Importer(815301076,1909f56bfc062723c751e8b465ee728b)  -> (artifact id: '79842766b460edbeab6a34051e857a80') in 0,009287 seconds 
========================================================================
Received Import Request.
  Time since last request: 8,711655 seconds.
  path: Assets/flag.mat
  artifactKey: Guid(85f21ef0c4a9aec4cbf4c2eac3024b60) Importer(815301076,1909f56bfc062723c751e8b465ee728b)
Start importing Assets/flag.mat using Guid(85f21ef0c4a9aec4cbf4c2eac3024b60) Importer(815301076,1909f56bfc062723c751e8b465ee728b)  -> (artifact id: '5161ef12135fccb98b586b6f6fe24b67') in 0,139421 seconds 
========================================================================
Received Prepare
Registering precompiled user dll's ...
Registered in 0,007466 seconds.
Begin MonoManager ReloadAssembly
Symbol file LoadedFromMemory doesn't match image /home/matheus/Fan freq/Library/PackageCache/com.unity.visualscripting@1.7.8/Editor/VisualScripting.Core/Dependencies/YamlDotNet/Unity.VisualScripting.YamlDotNet.dll
Symbol file LoadedFromMemory doesn't match image /home/matheus/Fan freq/Library/PackageCache/com.unity.visualscripting@1.7.8/Editor/VisualScripting.Core/Dependencies/DotNetZip/Unity.VisualScripting.IonicZip.dll
Native extension for LinuxStandalone target not found
Native extension for WebGL target not found
Refreshing native plugins compatible for Editor in 0,98 ms, found 0 plugins.
Preloading 0 native plugins for Editor in 0,00 ms.
Mono: successfully reloaded assembly
- Completed reload, in  2,099 seconds
Domain Reload Profiling:
	ReloadAssembly (2100ms)
		BeginReloadAssembly (210ms)
			ExecutionOrderSort (0ms)
			DisableScriptedObjects (11ms)
			BackupInstance (0ms)
			ReleaseScriptingObjects (0ms)
			CreateAndSetChildDomain (71ms)
		EndReloadAssembly (1679ms)
			LoadAssemblies (94ms)
			RebuildTransferFunctionScriptingTraits (0ms)
			SetupTypeCache (587ms)
			ReleaseScriptCaches (2ms)
			RebuildScriptCaches (124ms)
			SetupLoadedEditorAssemblies (735ms)
				LogAssemblyErrors (0ms)
				InitializePlatformSupportModulesInManaged (27ms)
				SetLoadedEditorAssemblies (1ms)
				RefreshPlugins (1ms)
				BeforeProcessingInitializeOnLoad (154ms)
				ProcessInitializeOnLoadAttributes (476ms)
				ProcessInitializeOnLoadMethodAttributes (60ms)
				AfterProcessingInitializeOnLoad (15ms)
				EditorAssembliesLoaded (0ms)
			ExecutionOrderSort2 (0ms)
			AwakeInstancesAfterBackupRestoration (10ms)
Platform modules already initialized, skipping
Refreshing native plugins compatible for Editor in 3,06 ms, found 0 plugins.
Preloading 0 native plugins for Editor in 0,00 ms.
Unloading 3372 Unused Serialized files (Serialized files now loaded: 0)
Unloading 20 unused Assets / (56,6 KB). Loaded Objects now: 3895.
Memory consumption went from 114,2 MB to 114,1 MB.
Total: 7,636625 ms (FindLiveObjects: 0,391008 ms CreateObjectMapping: 0,493717 ms MarkObjects: 6,508678 ms  DeleteObjects: 0,241753 ms)

AssetImportParameters requested are different than current active one (requested -> active):
  custom:video-decoder-ogg-theora: a1e56fd34408186e4bbccfd4996cb3dc -> 
  custom:container-muxer-webm: aa71ff27fc2769a1b78a27578f13a17b -> 
  custom:container-demuxer-webm: 4f35f7cbe854078d1ac9338744f61a02 -> 
  custom:video-encoder-webm-vp8: eb34c28f22e8b96e1ab97ce403110664 -> 
  custom:audio-encoder-webm-vorbis: bf7c407c2cedff20999df2af8eb42d56 -> 
  custom:SearchIndexIgnoredProperties: e643bd26f0fe6173181afceb89e7c659 -> 
  custom:container-demuxer-ogg: 62fdf1f143b41e24485cea50d1cbac27 -> 
  custom:video-decoder-webm-vp8: 9c59270c3fd7afecdb556c50c9e8de78 -> 
  custom:audio-decoder-ogg-vorbis: bf7c407c2cedff20999df2af8eb42d56 -> 
========================================================================
Received Import Request.
  Time since last request: 169,937479 seconds.
  path: Assets/wing.mat
  artifactKey: Guid(ba158bcf69cd64873b23177aa8960fe2) Importer(815301076,1909f56bfc062723c751e8b465ee728b)
Start importing Assets/wing.mat using Guid(ba158bcf69cd64873b23177aa8960fe2) Importer(815301076,1909f56bfc062723c751e8b465ee728b)  -> (artifact id: '495c1c914c857abcbeed7859e966c47b') in 0,149967 seconds 
========================================================================
Received Import Request.
  Time since last request: 454,607385 seconds.
  path: Assets/cube.mat
  artifactKey: Guid(c574c3e07263f7956a86fc9198ca280d) Importer(815301076,1909f56bfc062723c751e8b465ee728b)
Start importing Assets/cube.mat using Guid(c574c3e07263f7956a86fc9198ca280d) Importer(815301076,1909f56bfc062723c751e8b465ee728b)  -> (artifact id: '7dc089d6c8f4bc2de15ac82b1c7e39f7') in 0,504765 seconds 
========================================================================
Received Import Request.
  Time since last request: 0,000032 seconds.
  path: Assets/wing.mat
  artifactKey: Guid(ba158bcf69cd64873b23177aa8960fe2) Importer(815301076,1909f56bfc062723c751e8b465ee728b)
Start importing Assets/wing.mat using Guid(ba158bcf69cd64873b23177aa8960fe2) Importer(815301076,1909f56bfc062723c751e8b465ee728b)  -> (artifact id: 'fdf9961753d67e417a85cba549a14541') in 0,355226 seconds 
========================================================================
Received Import Request.
  Time since last request: 0,000042 seconds.
  path: Assets/flag.mat
  artifactKey: Guid(85f21ef0c4a9aec4cbf4c2eac3024b60) Importer(815301076,1909f56bfc062723c751e8b465ee728b)
Start importing Assets/flag.mat using Guid(85f21ef0c4a9aec4cbf4c2eac3024b60) Importer(815301076,1909f56bfc062723c751e8b465ee728b)  -> (artifact id: '0028b506249efdf74cdf8c8595dfa8e1') in 0,016433 seconds 
========================================================================
Received Import Request.
  Time since last request: 137,573113 seconds.
  path: Assets/Prefabs
  artifactKey: Guid(0ac0b04f3bd1f84cba744bc364dc0fea) Importer(815301076,1909f56bfc062723c751e8b465ee728b)
Start importing Assets/Prefabs using Guid(0ac0b04f3bd1f84cba744bc364dc0fea) Importer(815301076,1909f56bfc062723c751e8b465ee728b)  -> (artifact id: '533b70f9546318ef53546cc53d824519') in 0,000881 seconds 
========================================================================
Received Import Request.
  Time since last request: 7,904731 seconds.
  path: Assets/Prefabs/Propeller.prefab
  artifactKey: Guid(2afa76aa705834b7e8865d1548543118) Importer(815301076,1909f56bfc062723c751e8b465ee728b)
Start importing Assets/Prefabs/Propeller.prefab using Guid(2afa76aa705834b7e8865d1548543118) Importer(815301076,1909f56bfc062723c751e8b465ee728b)  -> (artifact id: 'c494e3b026af4dd228e6e296d5ee5299') in 0,106073 seconds 
========================================================================
Received Import Request.
  Time since last request: 460,098395 seconds.
  path: Assets/centerCircle.mat
  artifactKey: Guid(77e3bb1323fa4233dbbafddf717624ff) Importer(815301076,1909f56bfc062723c751e8b465ee728b)
Start importing Assets/centerCircle.mat using Guid(77e3bb1323fa4233dbbafddf717624ff) Importer(815301076,1909f56bfc062723c751e8b465ee728b)  -> (artifact id: 'b47a4405d40c8324c0aec65ae7f4fbec') in 0,014257 seconds 
========================================================================
Received Prepare
Registering precompiled user dll's ...
Registered in 0,007808 seconds.
Begin MonoManager ReloadAssembly
Symbol file LoadedFromMemory doesn't match image /home/matheus/Fan freq/Library/PackageCache/com.unity.visualscripting@1.7.8/Editor/VisualScripting.Core/Dependencies/YamlDotNet/Unity.VisualScripting.YamlDotNet.dll
Symbol file LoadedFromMemory doesn't match image /home/matheus/Fan freq/Library/PackageCache/com.unity.visualscripting@1.7.8/Editor/VisualScripting.Core/Dependencies/DotNetZip/Unity.VisualScripting.IonicZip.dll
Native extension for LinuxStandalone target not found
Native extension for WebGL target not found
Refreshing native plugins compatible for Editor in 0,89 ms, found 0 plugins.
Preloading 0 native plugins for Editor in 0,00 ms.
Mono: successfully reloaded assembly
- Completed reload, in  2,166 seconds
Domain Reload Profiling:
	ReloadAssembly (2167ms)
		BeginReloadAssembly (206ms)
			ExecutionOrderSort (0ms)
			DisableScriptedObjects (10ms)
			BackupInstance (0ms)
			ReleaseScriptingObjects (0ms)
			CreateAndSetChildDomain (68ms)
		EndReloadAssembly (1735ms)
			LoadAssemblies (97ms)
			RebuildTransferFunctionScriptingTraits (0ms)
			SetupTypeCache (643ms)
			ReleaseScriptCaches (2ms)
			RebuildScriptCaches (116ms)
			SetupLoadedEditorAssemblies (744ms)
				LogAssemblyErrors (0ms)
				InitializePlatformSupportModulesInManaged (26ms)
				SetLoadedEditorAssemblies (1ms)
				RefreshPlugins (1ms)
				BeforeProcessingInitializeOnLoad (160ms)
				ProcessInitializeOnLoadAttributes (480ms)
				ProcessInitializeOnLoadMethodAttributes (61ms)
				AfterProcessingInitializeOnLoad (15ms)
				EditorAssembliesLoaded (0ms)
			ExecutionOrderSort2 (0ms)
			AwakeInstancesAfterBackupRestoration (9ms)
Platform modules already initialized, skipping
Refreshing native plugins compatible for Editor in 3,01 ms, found 0 plugins.
Preloading 0 native plugins for Editor in 0,00 ms.
Unloading 3372 Unused Serialized files (Serialized files now loaded: 0)
Unloading 20 unused Assets / (56,6 KB). Loaded Objects now: 3899.
Memory consumption went from 114,2 MB to 114,2 MB.
Total: 6,908691 ms (FindLiveObjects: 0,344113 ms CreateObjectMapping: 0,355476 ms MarkObjects: 5,977428 ms  DeleteObjects: 0,229364 ms)

AssetImportParameters requested are different than current active one (requested -> active):
  custom:video-decoder-ogg-theora: a1e56fd34408186e4bbccfd4996cb3dc -> 
  custom:container-muxer-webm: aa71ff27fc2769a1b78a27578f13a17b -> 
  custom:container-demuxer-webm: 4f35f7cbe854078d1ac9338744f61a02 -> 
  custom:video-encoder-webm-vp8: eb34c28f22e8b96e1ab97ce403110664 -> 
  custom:audio-encoder-webm-vorbis: bf7c407c2cedff20999df2af8eb42d56 -> 
  custom:SearchIndexIgnoredProperties: e643bd26f0fe6173181afceb89e7c659 -> 
  custom:container-demuxer-ogg: 62fdf1f143b41e24485cea50d1cbac27 -> 
  custom:video-decoder-webm-vp8: 9c59270c3fd7afecdb556c50c9e8de78 -> 
  custom:audio-decoder-ogg-vorbis: bf7c407c2cedff20999df2af8eb42d56 -> 
========================================================================
Received Import Request.
  Time since last request: 219,416381 seconds.
  path: Assets/Prefabs/Propeller.prefab
  artifactKey: Guid(2afa76aa705834b7e8865d1548543118) Importer(815301076,1909f56bfc062723c751e8b465ee728b)
Start importing Assets/Prefabs/Propeller.prefab using Guid(2afa76aa705834b7e8865d1548543118) Importer(815301076,1909f56bfc062723c751e8b465ee728b)  -> (artifact id: 'b56c2d3942438b513f5d7151f1086624') in 0,164367 seconds 
========================================================================
Received Import Request.
  Time since last request: 10,505575 seconds.
  path: Assets/Prefabs/Propeller.prefab
  artifactKey: Guid(2afa76aa705834b7e8865d1548543118) Importer(815301076,1909f56bfc062723c751e8b465ee728b)
Start importing Assets/Prefabs/Propeller.prefab using Guid(2afa76aa705834b7e8865d1548543118) Importer(815301076,1909f56bfc062723c751e8b465ee728b)  -> (artifact id: '6f641dd4fd9fc318f6ead1c9268e32c7') in 0,012159 seconds 
========================================================================
Received Import Request.
  Time since last request: 1,485235 seconds.
  path: Assets/Prefabs/Propeller.prefab
  artifactKey: Guid(2afa76aa705834b7e8865d1548543118) Importer(815301076,1909f56bfc062723c751e8b465ee728b)
Start importing Assets/Prefabs/Propeller.prefab using Guid(2afa76aa705834b7e8865d1548543118) Importer(815301076,1909f56bfc062723c751e8b465ee728b)  -> (artifact id: 'f8566aa9beb7768ac482bda2f5a606b5') in 0,010964 seconds 
========================================================================
Received Import Request.
  Time since last request: 28,777374 seconds.
  path: Assets/Prefabs/Propeller.prefab
  artifactKey: Guid(2afa76aa705834b7e8865d1548543118) Importer(815301076,1909f56bfc062723c751e8b465ee728b)
Start importing Assets/Prefabs/Propeller.prefab using Guid(2afa76aa705834b7e8865d1548543118) Importer(815301076,1909f56bfc062723c751e8b465ee728b)  -> (artifact id: '19f46d1d8659dccc75b9311fd42b0570') in 0,013063 seconds 
========================================================================
Received Import Request.
  Time since last request: 7,041954 seconds.
  path: Assets/Prefabs/Propeller.prefab
  artifactKey: Guid(2afa76aa705834b7e8865d1548543118) Importer(815301076,1909f56bfc062723c751e8b465ee728b)
Start importing Assets/Prefabs/Propeller.prefab using Guid(2afa76aa705834b7e8865d1548543118) Importer(815301076,1909f56bfc062723c751e8b465ee728b)  -> (artifact id: 'f7658ec1a97c1c2e3c01c1dda808446d') in 0,011990 seconds 
========================================================================
Received Import Request.
  Time since last request: 29,487031 seconds.
  path: Assets/centerCircle.mat
  artifactKey: Guid(77e3bb1323fa4233dbbafddf717624ff) Importer(815301076,1909f56bfc062723c751e8b465ee728b)
Start importing Assets/centerCircle.mat using Guid(77e3bb1323fa4233dbbafddf717624ff) Importer(815301076,1909f56bfc062723c751e8b465ee728b)  -> (artifact id: '095914010231533a7a85708f76e62ab0') in 0,526415 seconds 
========================================================================
Received Import Request.
  Time since last request: 0,000030 seconds.
  path: Assets/cube.mat
  artifactKey: Guid(c574c3e07263f7956a86fc9198ca280d) Importer(815301076,1909f56bfc062723c751e8b465ee728b)
Start importing Assets/cube.mat using Guid(c574c3e07263f7956a86fc9198ca280d) Importer(815301076,1909f56bfc062723c751e8b465ee728b)  -> (artifact id: '3c3a71dd91353ded49a32bceae619daa') in 0,496109 seconds 
